0 info it worked if it ends with ok
1 verbose cli [ 'C:\\Program Files\\nodejs\\node.exe',
1 verbose cli   'C:\\Program Files\\nodejs\\node_modules\\npm\\bin\\npm-cli.js',
1 verbose cli   'run',
1 verbose cli   'test' ]
2 info using npm@3.10.10
3 info using node@v6.10.3
4 verbose run-script [ 'pretest', 'test', 'posttest' ]
5 info lifecycle platzigramdb@1.0.0~pretest: platzigramdb@1.0.0
6 silly lifecycle platzigramdb@1.0.0~pretest: no script for pretest, continuing
7 info lifecycle platzigramdb@1.0.0~test: platzigramdb@1.0.0
8 verbose lifecycle platzigramdb@1.0.0~test: unsafe-perm in lifecycle true
9 verbose lifecycle platzigramdb@1.0.0~test: PATH: C:\Users\Andrey\AppData\Roaming\nvm\v6.10.3\node_modules\npm\bin\node-gyp-bin;C:\Users\Andrey\Documents\Platzigramdb\node_modules\.bin;C:\Users\Andrey\bin;C:\Program Files (x86)\Git\mingw32\bin;C:\Program Files (x86)\Git\usr\local\bin;C:\Program Files (x86)\Git\usr\bin;C:\Program Files (x86)\Git\usr\bin;C:\Program Files (x86)\Git\mingw32\bin;C:\Program Files (x86)\Git\usr\bin;C:\Users\Andrey\bin;C:\Windows\system32;C:\Windows;C:\Windows\System32\Wbem;C:\Windows\System32\WindowsPowerShell\v1.0;C:\Program Files (x86)\Heroku\bin;C:\Program Files (x86)\git\cmd;C:\Python27;C:\Python27\Scripts;C:\Program Files\PostgreSQL\9.5\bin;C:\wamp\bin\php\php5.5.12;C:\ProgramData\ComposerSetup\bin;C:\Program Files (x86)\ComposerSetup;C:\wamp\bin\php\php5.5.12;C:\Program Files\MongoDB\Server\3.4\bin;C:\Users\Andrey\AppData\Roaming\nvm;C:\Program Files\nodejs;C:\Program Files\Oracle\VirtualBox;C:\Program Files\MySQL\MySQL Server 5.7\bin;C:\Users\Andrey\AppData\Roaming\npm;C:\Users\Andrey\AppData\Roaming\Composer\vendor\bin;C:\Users\Andrey\AppData\Roaming\nvm;C:\Program Files\nodejs;C:\Users\Andrey\AppData\Local\atom\bin;C:\Program Files\Heroku\bin;C:\Program Files\Microsoft VS Code\bin;C:\Program Files (x86)\Git\usr\bin\vendor_perl;C:\Program Files (x86)\Git\usr\bin\core_perl
10 verbose lifecycle platzigramdb@1.0.0~test: CWD: C:\Users\Andrey\Documents\Platzigramdb
11 silly lifecycle platzigramdb@1.0.0~test: Args: [ '/d /s /c', 'npm run lint && ava' ]
12 silly lifecycle platzigramdb@1.0.0~test: Returned: code: 1  signal: null
13 info lifecycle platzigramdb@1.0.0~test: Failed to exec test script
14 verbose stack Error: platzigramdb@1.0.0 test: `npm run lint && ava`
14 verbose stack Exit status 1
14 verbose stack     at EventEmitter.<anonymous> (C:\Users\Andrey\AppData\Roaming\nvm\v6.10.3\node_modules\npm\lib\utils\lifecycle.js:255:16)
14 verbose stack     at emitTwo (events.js:106:13)
14 verbose stack     at EventEmitter.emit (events.js:191:7)
14 verbose stack     at ChildProcess.<anonymous> (C:\Users\Andrey\AppData\Roaming\nvm\v6.10.3\node_modules\npm\lib\utils\spawn.js:40:14)
14 verbose stack     at emitTwo (events.js:106:13)
14 verbose stack     at ChildProcess.emit (events.js:191:7)
14 verbose stack     at maybeClose (internal/child_process.js:886:16)
14 verbose stack     at Process.ChildProcess._handle.onexit (internal/child_process.js:226:5)
15 verbose pkgid platzigramdb@1.0.0
16 verbose cwd C:\Users\Andrey\Documents\Platzigramdb
17 error Windows_NT 6.3.9600
18 error argv "C:\\Program Files\\nodejs\\node.exe" "C:\\Program Files\\nodejs\\node_modules\\npm\\bin\\npm-cli.js" "run" "test"
19 error node v6.10.3
20 error npm  v3.10.10
21 error code ELIFECYCLE
22 error platzigramdb@1.0.0 test: `npm run lint && ava`
22 error Exit status 1
23 error Failed at the platzigramdb@1.0.0 test script 'npm run lint && ava'.
23 error Make sure you have the latest version of node.js and npm installed.
23 error If you do, this is most likely a problem with the platzigramdb package,
23 error not with npm itself.
23 error Tell the author that this fails on your system:
23 error     npm run lint && ava
23 error You can get information on how to open an issue for this project with:
23 error     npm bugs platzigramdb
23 error Or if that isn't available, you can get their info via:
23 error     npm owner ls platzigramdb
23 error There is likely additional logging output above.
24 verbose exit [ 1, true ]
